

Started GET "/home/index" for 127.0.0.1 at 2010-10-25 14:53:01 +0200
  Processing by HomeController#index as HTML
Rendered home/index.html.erb within layouts/application (2.2ms)
Completed 200 OK in 10ms (Views: 9.8ms | ActiveRecord: 0.0ms)


Started GET "/home/index" for 127.0.0.1 at 2010-10-25 14:54:43 +0200
  Processing by HomeController#index as HTML
Completed   in 1ms


Started GET "/admins/sign_in" for 127.0.0.1 at 2010-10-25 14:54:43 +0200
  Processing by Devise::SessionsController#new as HTML
Completed   in 9ms

ActiveRecord::StatementInvalid (Could not find table 'admins'):
  

Rendered /Users/atitsbest/.rvm/gems/ruby-1.9.2-p0/gems/actionpack-3.0.0/lib/action_dispatch/middleware/templates/rescues/_trace.erb (1.5ms)
Rendered /Users/atitsbest/.rvm/gems/ruby-1.9.2-p0/gems/actionpack-3.0.0/lib/action_dispatch/middleware/templates/rescues/_request_and_response.erb (32.4ms)
Rendered /Users/atitsbest/.rvm/gems/ruby-1.9.2-p0/gems/actionpack-3.0.0/lib/action_dispatch/middleware/templates/rescues/diagnostics.erb within rescues/layout (40.7ms)
  [1m[36mSQL (0.3ms)[0m  [1m SELECT name
 FROM sqlite_master
 WHERE type = 'table' AND NOT name = 'sqlite_sequence'
[0m
  [1m[35mSQL (0.1ms)[0m  select sqlite_version(*)
  [1m[36mSQL (2.8ms)[0m  [1mCREATE TABLE "schema_migrations" ("version" varchar(255) NOT NULL) [0m
  [1m[35mSQL (0.1ms)[0m  PRAGMA index_list("schema_migrations")
  [1m[36mSQL (3.1ms)[0m  [1mCREATE UNIQUE INDEX "unique_schema_migrations" ON "schema_migrations" ("version")[0m
  [1m[35mSQL (0.3ms)[0m   SELECT name
 FROM sqlite_master
 WHERE type = 'table' AND NOT name = 'sqlite_sequence'
  [1m[36mSQL (0.2ms)[0m  [1m SELECT name
 FROM sqlite_master
 WHERE type = 'table' AND NOT name = 'sqlite_sequence'
[0m
  [1m[35mSQL (0.1ms)[0m  SELECT "schema_migrations"."version" FROM "schema_migrations"
Migrating to DeviseCreateAdmins (20101025125359)
  [1m[36mSQL (0.6ms)[0m  [1mCREATE TABLE "admins" ("id" INTEGER PRIMARY KEY AUTOINCREMENT NOT NULL, "email" varchar(255) DEFAULT '' NOT NULL, "encrypted_password" varchar(128) DEFAULT '' NOT NULL, "password_salt" varchar(255) DEFAULT '' NOT NULL, "reset_password_token" varchar(255), "remember_token" varchar(255), "remember_created_at" datetime, "sign_in_count" integer DEFAULT 0, "current_sign_in_at" datetime, "last_sign_in_at" datetime, "current_sign_in_ip" varchar(255), "last_sign_in_ip" varchar(255), "created_at" datetime, "updated_at" datetime) [0m
  [1m[35mSQL (0.1ms)[0m  PRAGMA index_list("admins")
  [1m[36mSQL (0.4ms)[0m  [1mCREATE UNIQUE INDEX "index_admins_on_email" ON "admins" ("email")[0m
  [1m[35mSQL (0.1ms)[0m  PRAGMA index_list("admins")
  [1m[36mSQL (0.0ms)[0m  [1mPRAGMA index_info('index_admins_on_email')[0m
  [1m[35mSQL (0.2ms)[0m  CREATE UNIQUE INDEX "index_admins_on_reset_password_token" ON "admins" ("reset_password_token")
  [1m[36mSQL (0.2ms)[0m  [1mINSERT INTO "schema_migrations" ("version") VALUES ('20101025125359')[0m
  [1m[35mSQL (0.2ms)[0m   SELECT name
 FROM sqlite_master
 WHERE type = 'table' AND NOT name = 'sqlite_sequence'
  [1m[36mSQL (0.1ms)[0m  [1mSELECT "schema_migrations"."version" FROM "schema_migrations"[0m
  [1m[35mSQL (0.1ms)[0m   SELECT name
 FROM sqlite_master
 WHERE type = 'table' AND NOT name = 'sqlite_sequence'
  [1m[36mSQL (0.1ms)[0m  [1mPRAGMA index_list("admins")[0m
  [1m[35mSQL (0.0ms)[0m  PRAGMA index_info('index_admins_on_reset_password_token')
  [1m[36mSQL (0.0ms)[0m  [1mPRAGMA index_info('index_admins_on_email')[0m
  [1m[36mSQL (0.5ms)[0m  [1m SELECT name
 FROM sqlite_master
 WHERE type = 'table' AND NOT name = 'sqlite_sequence'
[0m
  [1m[35mSQL (0.2ms)[0m   SELECT name
 FROM sqlite_master
 WHERE type = 'table' AND NOT name = 'sqlite_sequence'
  [1m[36mSQL (0.1ms)[0m  [1mSELECT "schema_migrations"."version" FROM "schema_migrations"[0m
  [1m[35mSQL (0.1ms)[0m   SELECT name
 FROM sqlite_master
 WHERE type = 'table' AND NOT name = 'sqlite_sequence'
  [1m[36mSQL (0.1ms)[0m  [1mSELECT "schema_migrations"."version" FROM "schema_migrations"[0m
Migrating to DeviseCreateAdmins (20101025125359)
  [1m[35mSQL (0.0ms)[0m  select sqlite_version(*)
  [1m[36mSQL (0.5ms)[0m  [1m SELECT name
 FROM sqlite_master
 WHERE type = 'table' AND NOT name = 'sqlite_sequence'
[0m
  [1m[35mSQL (0.2ms)[0m   SELECT name
 FROM sqlite_master
 WHERE type = 'table' AND NOT name = 'sqlite_sequence'
  [1m[36mSQL (0.1ms)[0m  [1mSELECT "schema_migrations"."version" FROM "schema_migrations"[0m
  [1m[35mSQL (0.1ms)[0m   SELECT name
 FROM sqlite_master
 WHERE type = 'table' AND NOT name = 'sqlite_sequence'
  [1m[36mSQL (0.1ms)[0m  [1mSELECT "schema_migrations"."version" FROM "schema_migrations"[0m
Migrating to DeviseCreateAdmins (20101025125359)
  [1m[35mSQL (0.1ms)[0m  select sqlite_version(*)
  [1m[36mSQL (0.8ms)[0m  [1mDROP TABLE "admins"[0m
  [1m[35mSQL (0.2ms)[0m  DELETE FROM "schema_migrations" WHERE "schema_migrations"."version" = '20101025125359'
  [1m[36mSQL (0.2ms)[0m  [1m SELECT name
 FROM sqlite_master
 WHERE type = 'table' AND NOT name = 'sqlite_sequence'
[0m
  [1m[35mSQL (0.1ms)[0m  SELECT "schema_migrations"."version" FROM "schema_migrations"
  [1m[36mSQL (0.1ms)[0m  [1m SELECT name
 FROM sqlite_master
 WHERE type = 'table' AND NOT name = 'sqlite_sequence'
[0m
  [1m[36mSQL (0.4ms)[0m  [1m SELECT name
 FROM sqlite_master
 WHERE type = 'table' AND NOT name = 'sqlite_sequence'
[0m
  [1m[35mSQL (0.1ms)[0m   SELECT name
 FROM sqlite_master
 WHERE type = 'table' AND NOT name = 'sqlite_sequence'
  [1m[36mSQL (0.1ms)[0m  [1mSELECT "schema_migrations"."version" FROM "schema_migrations"[0m
Migrating to DeviseCreateAdmins (20101025125359)
  [1m[35mSQL (0.1ms)[0m  select sqlite_version(*)
  [1m[36mSQL (0.6ms)[0m  [1mCREATE TABLE "admins" ("id" INTEGER PRIMARY KEY AUTOINCREMENT NOT NULL, "email" varchar(255) DEFAULT '' NOT NULL, "encrypted_password" varchar(128) DEFAULT '' NOT NULL, "password_salt" varchar(255) DEFAULT '' NOT NULL, "sign_in_count" integer DEFAULT 0, "current_sign_in_at" datetime, "last_sign_in_at" datetime, "current_sign_in_ip" varchar(255), "last_sign_in_ip" varchar(255), "created_at" datetime, "updated_at" datetime) [0m
  [1m[35mSQL (0.0ms)[0m  PRAGMA index_list("admins")
  [1m[36mSQL (0.4ms)[0m  [1mCREATE UNIQUE INDEX "index_admins_on_email" ON "admins" ("email")[0m
  [1m[35mSQL (0.2ms)[0m   SELECT name
 FROM sqlite_master
 WHERE type = 'table' AND NOT name = 'sqlite_sequence'
  [1m[36mAdmin Load (0.1ms)[0m  [1mSELECT "admins"."id" FROM "admins" WHERE (LOWER("admins"."email") = LOWER('atitsbest@gmail.com')) LIMIT 1[0m
  [1m[35mSQL (0.2ms)[0m  INSERT INTO "admins" ("created_at", "current_sign_in_at", "current_sign_in_ip", "email", "encrypted_password", "last_sign_in_at", "last_sign_in_ip", "password_salt", "sign_in_count", "updated_at") VALUES ('2010-10-25 12:56:41.715497', NULL, NULL, 'atitsbest@gmail.com', '$2a$10$0L4tCfHCirKpKUzty3O2YOSX2sjk/GFzGmlrv38HOcWabtbRvb5oa', NULL, NULL, '$2a$10$0L4tCfHCirKpKUzty3O2YO', 0, '2010-10-25 12:56:41.715497')
  [1m[36mSQL (0.2ms)[0m  [1mINSERT INTO "schema_migrations" ("version") VALUES ('20101025125359')[0m
  [1m[35mSQL (0.2ms)[0m   SELECT name
 FROM sqlite_master
 WHERE type = 'table' AND NOT name = 'sqlite_sequence'
  [1m[36mSQL (0.3ms)[0m  [1mSELECT "schema_migrations"."version" FROM "schema_migrations"[0m
  [1m[35mSQL (0.1ms)[0m   SELECT name
 FROM sqlite_master
 WHERE type = 'table' AND NOT name = 'sqlite_sequence'
  [1m[36mSQL (0.1ms)[0m  [1mPRAGMA index_list("admins")[0m
  [1m[35mSQL (0.0ms)[0m  PRAGMA index_info('index_admins_on_email')


Started GET "/home/index" for 127.0.0.1 at 2010-10-25 14:56:54 +0200
  Processing by HomeController#index as HTML
Completed   in 1ms


Started GET "/admins/sign_in" for 127.0.0.1 at 2010-10-25 14:56:54 +0200
  Processing by Devise::SessionsController#new as HTML
Rendered /Users/atitsbest/.rvm/gems/ruby-1.9.2-p0/gems/devise-1.1.3/app/views/devise/shared/_links.erb (1.5ms)
Rendered /Users/atitsbest/.rvm/gems/ruby-1.9.2-p0/gems/devise-1.1.3/app/views/devise/sessions/new.html.erb within layouts/application (9.4ms)
Completed 200 OK in 70ms (Views: 15.8ms | ActiveRecord: 0.0ms)


Started POST "/admins/sign_in" for 127.0.0.1 at 2010-10-25 14:57:08 +0200
  Processing by Devise::SessionsController#create as HTML
  Parameters: {"utf8"=>"✓", "authenticity_token"=>"p3FqafWY744RrzXgllIPu+JWS/5jFlm/0YKqFCryUB0=", "admin"=>{"email"=>"atitsbest@gmail.com", "password"=>"[FILTERED]", "remember_me"=>"0"}, "commit"=>"Sign in"}
  [1m[36mSQL (0.4ms)[0m  [1m SELECT name
 FROM sqlite_master
 WHERE type = 'table' AND NOT name = 'sqlite_sequence'
[0m
  [1m[35mAdmin Load (0.8ms)[0m  SELECT "admins".* FROM "admins" WHERE ("admins"."email" = 'atitsbest@gmail.com') LIMIT 1
  [1m[36mSQL (0.5ms)[0m  [1mUPDATE "admins" SET "current_sign_in_at" = '2010-10-25 12:57:08.524187', "current_sign_in_ip" = '127.0.0.1', "last_sign_in_at" = '2010-10-25 12:57:08.524187', "last_sign_in_ip" = '127.0.0.1', "sign_in_count" = 1, "updated_at" = '2010-10-25 12:57:08.524654' WHERE ("admins"."id" = 1)[0m
Redirected to http://localhost:3000/home/index
Completed 302 Found in 382ms


Started GET "/home/index" for 127.0.0.1 at 2010-10-25 14:57:08 +0200
  Processing by HomeController#index as HTML
  [1m[35mAdmin Load (0.2ms)[0m  SELECT "admins".* FROM "admins" WHERE ("admins"."id" = 1) LIMIT 1
Rendered home/index.html.erb within layouts/application (1.8ms)
Completed 200 OK in 78ms (Views: 6.8ms | ActiveRecord: 0.2ms)


Started GET "/" for 127.0.0.1 at 2010-10-26 20:45:51 +0200
  Processing by HomeController#index as HTML
Rendered home/index.html.erb within layouts/application (2.7ms)
Completed 200 OK in 21ms (Views: 20.6ms | ActiveRecord: 0.0ms)


Started GET "/javascripts/rails.js" for 127.0.0.1 at 2010-10-26 20:45:52 +0200

ActionController::RoutingError (No route matches "/javascripts/rails.js"):
  

Rendered /Users/atitsbest/.rvm/gems/ruby-1.9.2-p0/gems/actionpack-3.0.0/lib/action_dispatch/middleware/templates/rescues/routing_error.erb within rescues/layout (1.2ms)


Started GET "/javascripts/prototype.js" for 127.0.0.1 at 2010-10-26 20:45:53 +0200

ActionController::RoutingError (No route matches "/javascripts/prototype.js"):
  

Rendered /Users/atitsbest/.rvm/gems/ruby-1.9.2-p0/gems/actionpack-3.0.0/lib/action_dispatch/middleware/templates/rescues/routing_error.erb within rescues/layout (1.0ms)


Started GET "/javascripts/effects.js" for 127.0.0.1 at 2010-10-26 20:45:53 +0200

ActionController::RoutingError (No route matches "/javascripts/effects.js"):
  

Rendered /Users/atitsbest/.rvm/gems/ruby-1.9.2-p0/gems/actionpack-3.0.0/lib/action_dispatch/middleware/templates/rescues/routing_error.erb within rescues/layout (1.2ms)


Started GET "/javascripts/dragdrop.js" for 127.0.0.1 at 2010-10-26 20:45:53 +0200

ActionController::RoutingError (No route matches "/javascripts/dragdrop.js"):
  

Rendered /Users/atitsbest/.rvm/gems/ruby-1.9.2-p0/gems/actionpack-3.0.0/lib/action_dispatch/middleware/templates/rescues/routing_error.erb within rescues/layout (1.7ms)


Started GET "/javascripts/controls.js" for 127.0.0.1 at 2010-10-26 20:45:53 +0200

ActionController::RoutingError (No route matches "/javascripts/controls.js"):
  

Rendered /Users/atitsbest/.rvm/gems/ruby-1.9.2-p0/gems/actionpack-3.0.0/lib/action_dispatch/middleware/templates/rescues/routing_error.erb within rescues/layout (1.1ms)


Started GET "/images/apple-store-badge.png" for 127.0.0.1 at 2010-10-26 20:45:53 +0200

ActionController::RoutingError (No route matches "/images/apple-store-badge.png"):
  

Rendered /Users/atitsbest/.rvm/gems/ruby-1.9.2-p0/gems/actionpack-3.0.0/lib/action_dispatch/middleware/templates/rescues/routing_error.erb within rescues/layout (1.2ms)


Started GET "/images/iphone-full.png" for 127.0.0.1 at 2010-10-26 20:45:53 +0200

ActionController::RoutingError (No route matches "/images/iphone-full.png"):
  

Rendered /Users/atitsbest/.rvm/gems/ruby-1.9.2-p0/gems/actionpack-3.0.0/lib/action_dispatch/middleware/templates/rescues/routing_error.erb within rescues/layout (1.1ms)


Started GET "/images/apple-store-badge.png" for 127.0.0.1 at 2010-10-26 20:46:00 +0200

ActionController::RoutingError (No route matches "/images/apple-store-badge.png"):
  

Rendered /Users/atitsbest/.rvm/gems/ruby-1.9.2-p0/gems/actionpack-3.0.0/lib/action_dispatch/middleware/templates/rescues/routing_error.erb within rescues/layout (1.0ms)


Started GET "/images/iphone-full.png" for 127.0.0.1 at 2010-10-26 20:46:00 +0200

ActionController::RoutingError (No route matches "/images/iphone-full.png"):
  

Rendered /Users/atitsbest/.rvm/gems/ruby-1.9.2-p0/gems/actionpack-3.0.0/lib/action_dispatch/middleware/templates/rescues/routing_error.erb within rescues/layout (1.0ms)


Started GET "/" for 127.0.0.1 at 2010-10-26 20:47:55 +0200
  Processing by HomeController#index as HTML
Rendered home/index.html.erb within layouts/application (1.9ms)
Completed 200 OK in 7ms (Views: 6.7ms | ActiveRecord: 0.0ms)


Started GET "/javascripts/prototype.js" for 127.0.0.1 at 2010-10-26 20:47:55 +0200

ActionController::RoutingError (No route matches "/javascripts/prototype.js"):
  

Rendered /Users/atitsbest/.rvm/gems/ruby-1.9.2-p0/gems/actionpack-3.0.0/lib/action_dispatch/middleware/templates/rescues/routing_error.erb within rescues/layout (1.0ms)


Started GET "/javascripts/effects.js" for 127.0.0.1 at 2010-10-26 20:47:55 +0200

ActionController::RoutingError (No route matches "/javascripts/effects.js"):
  

Rendered /Users/atitsbest/.rvm/gems/ruby-1.9.2-p0/gems/actionpack-3.0.0/lib/action_dispatch/middleware/templates/rescues/routing_error.erb within rescues/layout (1.1ms)


Started GET "/javascripts/controls.js" for 127.0.0.1 at 2010-10-26 20:47:55 +0200

ActionController::RoutingError (No route matches "/javascripts/controls.js"):
  

Rendered /Users/atitsbest/.rvm/gems/ruby-1.9.2-p0/gems/actionpack-3.0.0/lib/action_dispatch/middleware/templates/rescues/routing_error.erb within rescues/layout (1.0ms)


Started GET "/javascripts/rails.js" for 127.0.0.1 at 2010-10-26 20:47:55 +0200

ActionController::RoutingError (No route matches "/javascripts/rails.js"):
  

Rendered /Users/atitsbest/.rvm/gems/ruby-1.9.2-p0/gems/actionpack-3.0.0/lib/action_dispatch/middleware/templates/rescues/routing_error.erb within rescues/layout (1.3ms)


Started GET "/javascripts/dragdrop.js" for 127.0.0.1 at 2010-10-26 20:47:55 +0200

ActionController::RoutingError (No route matches "/javascripts/dragdrop.js"):
  

Rendered /Users/atitsbest/.rvm/gems/ruby-1.9.2-p0/gems/actionpack-3.0.0/lib/action_dispatch/middleware/templates/rescues/routing_error.erb within rescues/layout (1.0ms)


Started GET "/javascripts/prototype.js" for 127.0.0.1 at 2010-10-26 20:48:31 +0200

ActionController::RoutingError (No route matches "/javascripts/prototype.js"):
  

Rendered /Users/atitsbest/.rvm/gems/ruby-1.9.2-p0/gems/actionpack-3.0.0/lib/action_dispatch/middleware/templates/rescues/routing_error.erb within rescues/layout (2.1ms)


Started GET "/" for 127.0.0.1 at 2010-10-26 20:50:47 +0200
  Processing by HomeController#index as HTML
Rendered home/index.html.erb within layouts/application (2.0ms)
Completed 200 OK in 7ms (Views: 6.6ms | ActiveRecord: 0.0ms)


Started GET "/js/plugins.js?v=1" for 127.0.0.1 at 2010-10-26 20:50:48 +0200

ActionController::RoutingError (No route matches "/js/plugins.js"):
  

Rendered /Users/atitsbest/.rvm/gems/ruby-1.9.2-p0/gems/actionpack-3.0.0/lib/action_dispatch/middleware/templates/rescues/routing_error.erb within rescues/layout (1.2ms)


Started GET "/js/script.js?v=1" for 127.0.0.1 at 2010-10-26 20:50:48 +0200

ActionController::RoutingError (No route matches "/js/script.js"):
  

Rendered /Users/atitsbest/.rvm/gems/ruby-1.9.2-p0/gems/actionpack-3.0.0/lib/action_dispatch/middleware/templates/rescues/routing_error.erb within rescues/layout (1.1ms)


Started GET "/test" for 127.0.0.1 at 2010-10-26 20:51:25 +0200

ActionController::RoutingError (No route matches "/test"):
  

Rendered /Users/atitsbest/.rvm/gems/ruby-1.9.2-p0/gems/actionpack-3.0.0/lib/action_dispatch/middleware/templates/rescues/routing_error.erb within rescues/layout (0.9ms)
